## 开始执行... 2022-02-04 08:06:38

time_stamp:1643933199
签到结果：success

1
2
3
4
5 
[{'address': '', 'applyName': 'KO4B2BCA', 'authId': 'ca5ad42a7456701de053fc74c20a8179', 'authStatus': '2', 'birthday': '1992-05-17', 'citizenCard': '', 'cxz': '10', 'description': '', 'email': '', 'height': '', 'idCard': '', 'imeiCode': '09946D00-DC9B-42EC-B82C-6843A39A74EC', 'interest': '', 'isAuth': 'Y', 'isMarriage': '', 'isVerify': 'Y', 'loginId': '', 'memberLevel': 0, 'mobilePhone': '15218828237', 'openid': '', 'password': '', 'photoPath1': '', 'photoPath2': '', 'profession': '', 'qq': '', 'realIdcard': '****************12', 'realName': '唐*', 'regtype': '', 'resourceId': '8a42f4917afbb358017b67735cba1b00', 'score': '435', 'sex': '0', 'showInfo': '', 'signlogs': 'Y', 'token': '', 'userPhoto': '', 'weight': ''}]
bark 服务启动
电话:15218828237;
积分:435;
签到结果:success
优惠券信息(0张):

电话:15218828237;
积分:435;
签到结果:success
优惠券信息(0张):


bark 推送成功！
time_stamp:1643933199
签到结果：success

1
2
3
4
5 
[{'address': '', 'applyName': 'F3I9T8AC', 'authId': 'cb7a827d12471659e053fc74c20a1f2f', 'authStatus': '2', 'birthday': '1991-12-29', 'citizenCard': '', 'cxz': '10', 'description': '', 'email': '', 'height': '', 'idCard': '', 'imeiCode': '7E6B5288-301F-4B9C-BAC9-127E522FBCB5', 'interest': '', 'isAuth': 'Y', 'isMarriage': '', 'isVerify': 'Y', 'loginId': '', 'memberLevel': 0, 'mobilePhone': '13925418991', 'openid': '', 'password': '', 'photoPath1': '', 'photoPath2': '', 'profession': '', 'qq': '', 'realIdcard': '****************21', 'realName': '何*', 'regtype': '', 'resourceId': '8a42f4917bc9b8c2017bd868c1c91a13', 'score': '519', 'sex': '1', 'showInfo': '', 'signlogs': 'Y', 'token': '', 'userPhoto': '', 'weight': ''}]
bark 服务启动
电话:13925418991;
积分:519;
签到结果:success
优惠券信息(0张):

电话:13925418991;
积分:519;
签到结果:success
优惠券信息(0张):


bark 推送成功！

## 执行结束... 2022-02-04 08:06:40 耗时 2 秒
